#-----------------------------------------------------------
# Vivado v2020.2 (64-bit)
# SW Build 3064766 on Wed Nov 18 09:12:47 MST 2020
# IP Build 3064653 on Wed Nov 18 14:17:31 MST 2020
# Start of session at: Tue Feb  4 15:02:50 2025
# Process ID: 4027
# Current directory: /home/user/workspace/SiMRA-DRAM
# Command line: vivado
# Log file: /home/user/workspace/SiMRA-DRAM/vivado.log
# Journal file: /home/user/workspace/SiMRA-DRAM/vivado.jou
#-----------------------------------------------------------
start_gui
open_hw_manager
INFO: [IP_Flow 19-234] Refreshing IP repositories
INFO: [IP_Flow 19-1704] No user IP repositories specified
INFO: [IP_Flow 19-2313] Loaded Vivado IP repository '/home/user/Xilinx/Vivado/2020.2/data/ip'.
connect_hw_server -allow_non_jtag
INFO: [Labtools 27-2285] Connecting to hw_server url TCP:localhost:3121
INFO: [Labtools 27-2222] Launching hw_server...
INFO: [Labtools 27-2221] Launch Output:

****** Xilinx hw_server v2020.2
  **** Build date : Nov 18 2020 at 09:50:49
    ** Copyright 1986-2020 Xilinx, Inc. All Rights Reserved.


INFO: [Labtools 27-3415] Connecting to cs_server url TCP:localhost:3042
INFO: [Labtools 27-3417] Launching cs_server...
INFO: [Labtools 27-2221] Launch Output:


******** Xilinx cs_server v2020.2
  ****** Build date   : Nov 03 2020-23:02:56
    **** Build number : 2020.2.1604437376
      ** Copyright 2017-2020 Xilinx, Inc. All Rights Reserved.



open_hw_target
INFO: [Labtoolstcl 44-466] Opening hw_target localhost:3121/xilinx_tcf/Xilinx/2129144A70D7A
current_hw_device [get_hw_devices xcu200_0]
refresh_hw_device -update_hw_probes false [lindex [get_hw_devices xcu200_0] 0]
WARNING: [Labtools 27-3410] Calibration Failed.
Resolution: For further debugging information, please refer to the Debug Guide that can be found from the following URL - https://www.xilinx.com/support/answers/68937.html
INFO: [Labtools 27-2302] Device xcu200 (JTAG device index = 0) is programmed with a design that has 1 MIG core(s).
set_property PROBES.FILE {/home/user/workspace/SiMRA-DRAM/DRAM-Bender/prebuilt/XCU200/XCU200_C1_UDIMM_1R_x8.ltx} [get_hw_devices xcu200_0]
set_property FULL_PROBES.FILE {/home/user/workspace/SiMRA-DRAM/DRAM-Bender/prebuilt/XCU200/XCU200_C1_UDIMM_1R_x8.ltx} [get_hw_devices xcu200_0]
set_property PROGRAM.FILE {/home/user/workspace/SiMRA-DRAM/DRAM-Bender/prebuilt/XCU200/XCU200_C1_UDIMM_1R_x8.bit} [get_hw_devices xcu200_0]
program_hw_devices [get_hw_devices xcu200_0]
INFO: [Labtools 27-3164] End of startup status: HIGH
program_hw_devices: Time (s): cpu = 00:00:46 ; elapsed = 00:00:46 . Memory (MB): peak = 8229.480 ; gain = 0.000 ; free physical = 25601 ; free virtual = 35836
refresh_hw_device [lindex [get_hw_devices xcu200_0] 0]
WARNING: [Labtools 27-3410] Calibration Failed.
Resolution: For further debugging information, please refer to the Debug Guide that can be found from the following URL - https://www.xilinx.com/support/answers/68937.html
INFO: [Labtools 27-2302] Device xcu200 (JTAG device index = 0) is programmed with a design that has 1 MIG core(s).
set_property PROBES.FILE {/home/user/workspace/SiMRA-DRAM/DRAM-Bender/prebuilt/XCU200/XCU200_C1_RDIMM_1R_x4.ltx} [get_hw_devices xcu200_0]
set_property FULL_PROBES.FILE {/home/user/workspace/SiMRA-DRAM/DRAM-Bender/prebuilt/XCU200/XCU200_C1_RDIMM_1R_x4.ltx} [get_hw_devices xcu200_0]
set_property PROGRAM.FILE {/home/user/workspace/SiMRA-DRAM/DRAM-Bender/prebuilt/XCU200/XCU200_C1_RDIMM_1R_x4.bit} [get_hw_devices xcu200_0]
program_hw_devices [get_hw_devices xcu200_0]
INFO: [Labtools 27-3164] End of startup status: HIGH
program_hw_devices: Time (s): cpu = 00:00:46 ; elapsed = 00:00:46 . Memory (MB): peak = 8231.480 ; gain = 0.000 ; free physical = 25551 ; free virtual = 35793
refresh_hw_device [lindex [get_hw_devices xcu200_0] 0]
WARNING: [Labtools 27-3089] Calibration is still in-progress.
INFO: [Labtools 27-2302] Device xcu200 (JTAG device index = 0) is programmed with a design that has 1 MIG core(s).
INFO: [Labtools 27-3143] Calibration status change detected, refreshing MIG_1
exit
INFO: [Common 17-206] Exiting Vivado at Tue Feb  4 15:12:21 2025...
